<?xml version="1.0" encoding="UTF-8"?>
<testsuite name="hello.advanced.trace.helloTrace.strategy.TemplateCallbackTest" tests="1" skipped="0" failures="0" errors="0" timestamp="2026-01-04T14:55:01.868Z" hostname="JayBook.local" time="0.008">
  <properties/>
  <testcase name="callbackV1()" classname="hello.advanced.trace.helloTrace.strategy.TemplateCallbackTest" time="0.008"/>
  <system-out><![CDATA[23:55:01.872 [Test worker] INFO hello.advanced.trace.helloTrace.strategy.TemplateCallbackTest -- 비즈니스 로직1 실행
23:55:01.873 [Test worker] INFO hello.advanced.trace.helloTrace.strategy.template.TimeLogTemplate -- resultTime=2
23:55:01.873 [Test worker] INFO hello.advanced.trace.helloTrace.strategy.TemplateCallbackTest -- 비즈니스 로직2 실행
23:55:01.873 [Test worker] INFO hello.advanced.trace.helloTrace.strategy.template.TimeLogTemplate -- resultTime=0
]]></system-out>
  <system-err><![CDATA[]]></system-err>
</testsuite>
